<?xml version="1.0" encoding="UTF-8"?>
<!-- Generated by org.testng.reporters.JUnitReportReporter -->
<testsuite hostname="LAPTOP-U8BF4RDO" failures="0" tests="10" name="Hybrid.logincrm" time="55.916" errors="0" timestamp="2022-05-20T19:14:04 IST" skipped="0">
  <testcase classname="Hybrid.logincrm" name="loginApp" time="30.762"/>
  <system-out/>
  <testcase classname="Hybrid.logincrm" name="signupapp" time="6.304"/>
  <system-out/>
  <testcase classname="Hybrid.logincrm" name="searchupapp" time="2.679"/>
  <system-out/>
  <testcase classname="Hybrid.logincrm" name="Bedapp" time="7.521"/>
  <system-out/>
  <testcase classname="Hybrid.logincrm" name="Bedappcart" time="2.964"/>
  <system-out/>
  <testcase classname="Hybrid.logincrm" name="assertionaa" time="1.866"/>
  <system-out/>
  <testcase classname="Hybrid.logincrm" name="tvappcart" time="1.312"/>
  <system-out/>
  <testcase classname="Hybrid.logincrm" name="studyapp" time="1.882"/>
  <system-out/>
  <testcase classname="Hybrid.logincrm" name="aboutapp" time="0.406"/>
  <system-out/>
  <testcase classname="Hybrid.logincrm" name="infoapp" time="0.220"/>
  <system-out/>
</testsuite> <!-- Hybrid.logincrm -->
